<?xml version="1.0" encoding="UTF-8"?>
<!-- Generated by org.testng.reporters.JUnitXMLReporter -->
<testsuite ignored="0" hostname="saurabhsoni" failures="0" tests="5" name="Test" time="6.443" errors="0" timestamp="2021-02-20T13:17:07 IST">
  <testcase classname="tests.BaseTest" name="@BeforeMethod intializeDriver" time="3.362">
    <failure type="org.openqa.selenium.SessionNotCreatedException" message="session not created: This version of ChromeDriver only supports Chrome version 86
Current browser version is 88.0.4324.182 with binary path C:\Program Files\Google\Chrome\Application\chrome.exe
Build info: version: &amp;apos;3.141.59&amp;apos;, revision: &amp;apos;e82be7d358&amp;apos;, time: &amp;apos;2018-11-14T08:17:03&amp;apos;
System info: host: &amp;apos;SAURABHSONI&amp;apos;, ip: &amp;apos;192.168.29.137&amp;apos;, os.name: &amp;apos;Windows 10&amp;apos;, os.arch: &amp;apos;amd64&amp;apos;, os.version: &amp;apos;10.0&amp;apos;, java.version: &amp;apos;14.0.2&amp;apos;
Driver info: driver.version: ChromeDriver
remote stacktrace: Backtrace:
	Ordinal0 [0x0093C013+3194899]
	Ordinal0 [0x00826021+2056225]
	Ordinal0 [0x006BF608+587272]
	Ordinal0 [0x00641BF3+72691]
	Ordinal0 [0x0063E229+57897]
	Ordinal0 [0x0063C64A+50762]
	Ordinal0 [0x00661EE9+204521]
	Ordinal0 [0x00661D0D+204045]
	Ordinal0 [0x0065FC1B+195611]
	Ordinal0 [0x00643B7F+80767]
	Ordinal0 [0x00644B4E+84814]
	Ordinal0 [0x00644AD9+84697]
	Ordinal0 [0x0083CE64+2149988]
	GetHandleVerifier [0x00AABE95+1400773]
	GetHandleVerifier [0x00AABB61+1399953]
	GetHandleVerifier [0x00AB31FA+1430314]
	GetHandleVerifier [0x00AAC69F+1402831]
	Ordinal0 [0x00833D61+2112865]
	Ordinal0 [0x0083E5CB+2155979]
	Ordinal0 [0x0083E6F5+2156277]
	Ordinal0 [0x0084F26E+2224750]
	BaseThreadInitThunk [0x760C6359+25]
	RtlGetAppContainerNamedObjectPath [0x773A8944+228]
	RtlGetAppContainerNamedObjectPath [0x773A8914+180]
">
      <![CDATA[org.openqa.selenium.SessionNotCreatedException: session not created: This version of ChromeDriver only supports Chrome version 86
Current browser version is 88.0.4324.182 with binary path C:\Program Files\Google\Chrome\Application\chrome.exe
Build info: version: '3.141.59', revision: 'e82be7d358', time: '2018-11-14T08:17:03'
System info: host: 'SAURABHSONI', ip: '192.168.29.137', os.name: 'Windows 10', os.arch: 'amd64', os.version: '10.0', java.version: '14.0.2'
Driver info: driver.version: ChromeDriver
remote stacktrace: Backtrace:
Ordinal0 [0x0093C013+3194899]
Ordinal0 [0x00826021+2056225]
Ordinal0 [0x006BF608+587272]
Ordinal0 [0x00641BF3+72691]
Ordinal0 [0x0063E229+57897]
Ordinal0 [0x0063C64A+50762]
Ordinal0 [0x00661EE9+204521]
Ordinal0 [0x00661D0D+204045]
Ordinal0 [0x0065FC1B+195611]
Ordinal0 [0x00643B7F+80767]
Ordinal0 [0x00644B4E+84814]
Ordinal0 [0x00644AD9+84697]
Ordinal0 [0x0083CE64+2149988]
GetHandleVerifier [0x00AABE95+1400773]
GetHandleVerifier [0x00AABB61+1399953]
GetHandleVerifier [0x00AB31FA+1430314]
GetHandleVerifier [0x00AAC69F+1402831]
Ordinal0 [0x00833D61+2112865]
Ordinal0 [0x0083E5CB+2155979]
Ordinal0 [0x0083E6F5+2156277]
Ordinal0 [0x0084F26E+2224750]
BaseThreadInitThunk [0x760C6359+25]
RtlGetAppContainerNamedObjectPath [0x773A8944+228]
RtlGetAppContainerNamedObjectPath [0x773A8914+180]

at org.openqa.selenium.remote.W3CHandshakeResponse.lambda$errorHandler$0(W3CHandshakeResponse.java:62)
at org.openqa.selenium.remote.HandshakeResponse.lambda$getResponseFunction$0(HandshakeResponse.java:30)
at org.openqa.selenium.remote.ProtocolHandshake.lambda$createSession$0(ProtocolHandshake.java:126)
at java.base/java.util.stream.ReferencePipeline$3$1.accept(ReferencePipeline.java:195)
at java.base/java.util.Spliterators$ArraySpliterator.tryAdvance(Spliterators.java:958)
at java.base/java.util.stream.ReferencePipeline.forEachWithCancel(ReferencePipeline.java:127)
at java.base/java.util.stream.AbstractPipeline.copyIntoWithCancel(AbstractPipeline.java:502)
at java.base/java.util.stream.AbstractPipeline.copyInto(AbstractPipeline.java:488)
at java.base/java.util.stream.AbstractPipeline.wrapAndCopyInto(AbstractPipeline.java:474)
at java.base/java.util.stream.FindOps$FindOp.evaluateSequential(FindOps.java:150)
at java.base/java.util.stream.AbstractPipeline.evaluate(AbstractPipeline.java:234)
at java.base/java.util.stream.ReferencePipeline.findFirst(ReferencePipeline.java:543)
at org.openqa.selenium.remote.ProtocolHandshake.createSession(ProtocolHandshake.java:128)
at org.openqa.selenium.remote.ProtocolHandshake.createSession(ProtocolHandshake.java:74)
at org.openqa.selenium.remote.HttpCommandExecutor.execute(HttpCommandExecutor.java:136)
at org.openqa.selenium.remote.service.DriverCommandExecutor.execute(DriverCommandExecutor.java:83)
at org.openqa.selenium.remote.RemoteWebDriver.execute(RemoteWebDriver.java:552)
at org.openqa.selenium.remote.RemoteWebDriver.startSession(RemoteWebDriver.java:213)
at org.openqa.selenium.remote.RemoteWebDriver.<init>(RemoteWebDriver.java:131)
at org.openqa.selenium.chrome.ChromeDriver.<init>(ChromeDriver.java:181)
at org.openqa.selenium.chrome.ChromeDriver.<init>(ChromeDriver.java:168)
at org.openqa.selenium.chrome.ChromeDriver.<init>(ChromeDriver.java:123)
at tests.BaseTest.intializeDriver(BaseTest.java:43)
at java.base/java.util.ArrayList.forEach(ArrayList.java:1511)
... Removed 36 stack frames]]>
    </failure>
  </testcase> <!-- @BeforeMethod intializeDriver -->
  <testcase classname="tests.BaseTest" name="@BeforeMethod openBrowser" time="-1.613807224091E9">
    <skipped/>
  </testcase> <!-- @BeforeMethod openBrowser -->
  <testcase classname="tests.BaseTest" name="@AfterMethod closeBrowser" time="-1.613807224102E9">
    <skipped/>
  </testcase> <!-- @AfterMethod closeBrowser -->
  <testcase classname="tests.BaseTest" name="@BeforeMethod intializeDriver" time="1.487">
    <failure type="org.openqa.selenium.SessionNotCreatedException" message="session not created: This version of ChromeDriver only supports Chrome version 86
Current browser version is 88.0.4324.182 with binary path C:\Program Files\Google\Chrome\Application\chrome.exe
Build info: version: &amp;apos;3.141.59&amp;apos;, revision: &amp;apos;e82be7d358&amp;apos;, time: &amp;apos;2018-11-14T08:17:03&amp;apos;
System info: host: &amp;apos;SAURABHSONI&amp;apos;, ip: &amp;apos;192.168.29.137&amp;apos;, os.name: &amp;apos;Windows 10&amp;apos;, os.arch: &amp;apos;amd64&amp;apos;, os.version: &amp;apos;10.0&amp;apos;, java.version: &amp;apos;14.0.2&amp;apos;
Driver info: driver.version: ChromeDriver
remote stacktrace: Backtrace:
	Ordinal0 [0x0093C013+3194899]
	Ordinal0 [0x00826021+2056225]
	Ordinal0 [0x006BF608+587272]
	Ordinal0 [0x00641BF3+72691]
	Ordinal0 [0x0063E229+57897]
	Ordinal0 [0x0063C64A+50762]
	Ordinal0 [0x00661EE9+204521]
	Ordinal0 [0x00661D0D+204045]
	Ordinal0 [0x0065FC1B+195611]
	Ordinal0 [0x00643B7F+80767]
	Ordinal0 [0x00644B4E+84814]
	Ordinal0 [0x00644AD9+84697]
	Ordinal0 [0x0083CE64+2149988]
	GetHandleVerifier [0x00AABE95+1400773]
	GetHandleVerifier [0x00AABB61+1399953]
	GetHandleVerifier [0x00AB31FA+1430314]
	GetHandleVerifier [0x00AAC69F+1402831]
	Ordinal0 [0x00833D61+2112865]
	Ordinal0 [0x0083E5CB+2155979]
	Ordinal0 [0x0083E6F5+2156277]
	Ordinal0 [0x0084F26E+2224750]
	BaseThreadInitThunk [0x760C6359+25]
	RtlGetAppContainerNamedObjectPath [0x773A8944+228]
	RtlGetAppContainerNamedObjectPath [0x773A8914+180]
">
      <![CDATA[org.openqa.selenium.SessionNotCreatedException: session not created: This version of ChromeDriver only supports Chrome version 86
Current browser version is 88.0.4324.182 with binary path C:\Program Files\Google\Chrome\Application\chrome.exe
Build info: version: '3.141.59', revision: 'e82be7d358', time: '2018-11-14T08:17:03'
System info: host: 'SAURABHSONI', ip: '192.168.29.137', os.name: 'Windows 10', os.arch: 'amd64', os.version: '10.0', java.version: '14.0.2'
Driver info: driver.version: ChromeDriver
remote stacktrace: Backtrace:
Ordinal0 [0x0093C013+3194899]
Ordinal0 [0x00826021+2056225]
Ordinal0 [0x006BF608+587272]
Ordinal0 [0x00641BF3+72691]
Ordinal0 [0x0063E229+57897]
Ordinal0 [0x0063C64A+50762]
Ordinal0 [0x00661EE9+204521]
Ordinal0 [0x00661D0D+204045]
Ordinal0 [0x0065FC1B+195611]
Ordinal0 [0x00643B7F+80767]
Ordinal0 [0x00644B4E+84814]
Ordinal0 [0x00644AD9+84697]
Ordinal0 [0x0083CE64+2149988]
GetHandleVerifier [0x00AABE95+1400773]
GetHandleVerifier [0x00AABB61+1399953]
GetHandleVerifier [0x00AB31FA+1430314]
GetHandleVerifier [0x00AAC69F+1402831]
Ordinal0 [0x00833D61+2112865]
Ordinal0 [0x0083E5CB+2155979]
Ordinal0 [0x0083E6F5+2156277]
Ordinal0 [0x0084F26E+2224750]
BaseThreadInitThunk [0x760C6359+25]
RtlGetAppContainerNamedObjectPath [0x773A8944+228]
RtlGetAppContainerNamedObjectPath [0x773A8914+180]

at org.openqa.selenium.remote.W3CHandshakeResponse.lambda$errorHandler$0(W3CHandshakeResponse.java:62)
at org.openqa.selenium.remote.HandshakeResponse.lambda$getResponseFunction$0(HandshakeResponse.java:30)
at org.openqa.selenium.remote.ProtocolHandshake.lambda$createSession$0(ProtocolHandshake.java:126)
at java.base/java.util.stream.ReferencePipeline$3$1.accept(ReferencePipeline.java:195)
at java.base/java.util.Spliterators$ArraySpliterator.tryAdvance(Spliterators.java:958)
at java.base/java.util.stream.ReferencePipeline.forEachWithCancel(ReferencePipeline.java:127)
at java.base/java.util.stream.AbstractPipeline.copyIntoWithCancel(AbstractPipeline.java:502)
at java.base/java.util.stream.AbstractPipeline.copyInto(AbstractPipeline.java:488)
at java.base/java.util.stream.AbstractPipeline.wrapAndCopyInto(AbstractPipeline.java:474)
at java.base/java.util.stream.FindOps$FindOp.evaluateSequential(FindOps.java:150)
at java.base/java.util.stream.AbstractPipeline.evaluate(AbstractPipeline.java:234)
at java.base/java.util.stream.ReferencePipeline.findFirst(ReferencePipeline.java:543)
at org.openqa.selenium.remote.ProtocolHandshake.createSession(ProtocolHandshake.java:128)
at org.openqa.selenium.remote.ProtocolHandshake.createSession(ProtocolHandshake.java:74)
at org.openqa.selenium.remote.HttpCommandExecutor.execute(HttpCommandExecutor.java:136)
at org.openqa.selenium.remote.service.DriverCommandExecutor.execute(DriverCommandExecutor.java:83)
at org.openqa.selenium.remote.RemoteWebDriver.execute(RemoteWebDriver.java:552)
at org.openqa.selenium.remote.RemoteWebDriver.startSession(RemoteWebDriver.java:213)
at org.openqa.selenium.remote.RemoteWebDriver.<init>(RemoteWebDriver.java:131)
at org.openqa.selenium.chrome.ChromeDriver.<init>(ChromeDriver.java:181)
at org.openqa.selenium.chrome.ChromeDriver.<init>(ChromeDriver.java:168)
at org.openqa.selenium.chrome.ChromeDriver.<init>(ChromeDriver.java:123)
at tests.BaseTest.intializeDriver(BaseTest.java:43)
at java.base/java.util.ArrayList.forEach(ArrayList.java:1511)
... Removed 36 stack frames]]>
    </failure>
  </testcase> <!-- @BeforeMethod intializeDriver -->
  <testcase classname="tests.BaseTest" name="@BeforeMethod openBrowser" time="-1.613807225606E9">
    <skipped/>
  </testcase> <!-- @BeforeMethod openBrowser -->
  <testcase classname="tests.BaseTest" name="@AfterMethod closeBrowser" time="-1.613807225617E9">
    <skipped/>
  </testcase> <!-- @AfterMethod closeBrowser -->
  <testcase classname="tests.BaseTest" name="@BeforeMethod intializeDriver" time="-1.613807225619E9">
    <skipped/>
  </testcase> <!-- @BeforeMethod intializeDriver -->
  <testcase classname="tests.BaseTest" name="@BeforeMethod openBrowser" time="-1.613807225621E9">
    <skipped/>
  </testcase> <!-- @BeforeMethod openBrowser -->
  <testcase classname="tests.BaseTest" name="@AfterMethod closeBrowser" time="-1.61380722563E9">
    <skipped/>
  </testcase> <!-- @AfterMethod closeBrowser -->
  <testcase classname="tests.BaseTest" name="@BeforeMethod intializeDriver" time="1.439">
    <failure type="org.openqa.selenium.SessionNotCreatedException" message="session not created: This version of ChromeDriver only supports Chrome version 86
Current browser version is 88.0.4324.182 with binary path C:\Program Files\Google\Chrome\Application\chrome.exe
Build info: version: &amp;apos;3.141.59&amp;apos;, revision: &amp;apos;e82be7d358&amp;apos;, time: &amp;apos;2018-11-14T08:17:03&amp;apos;
System info: host: &amp;apos;SAURABHSONI&amp;apos;, ip: &amp;apos;192.168.29.137&amp;apos;, os.name: &amp;apos;Windows 10&amp;apos;, os.arch: &amp;apos;amd64&amp;apos;, os.version: &amp;apos;10.0&amp;apos;, java.version: &amp;apos;14.0.2&amp;apos;
Driver info: driver.version: ChromeDriver
remote stacktrace: Backtrace:
	Ordinal0 [0x0093C013+3194899]
	Ordinal0 [0x00826021+2056225]
	Ordinal0 [0x006BF608+587272]
	Ordinal0 [0x00641BF3+72691]
	Ordinal0 [0x0063E229+57897]
	Ordinal0 [0x0063C64A+50762]
	Ordinal0 [0x00661EE9+204521]
	Ordinal0 [0x00661D0D+204045]
	Ordinal0 [0x0065FC1B+195611]
	Ordinal0 [0x00643B7F+80767]
	Ordinal0 [0x00644B4E+84814]
	Ordinal0 [0x00644AD9+84697]
	Ordinal0 [0x0083CE64+2149988]
	GetHandleVerifier [0x00AABE95+1400773]
	GetHandleVerifier [0x00AABB61+1399953]
	GetHandleVerifier [0x00AB31FA+1430314]
	GetHandleVerifier [0x00AAC69F+1402831]
	Ordinal0 [0x00833D61+2112865]
	Ordinal0 [0x0083E5CB+2155979]
	Ordinal0 [0x0083E6F5+2156277]
	Ordinal0 [0x0084F26E+2224750]
	BaseThreadInitThunk [0x760C6359+25]
	RtlGetAppContainerNamedObjectPath [0x773A8944+228]
	RtlGetAppContainerNamedObjectPath [0x773A8914+180]
">
      <![CDATA[org.openqa.selenium.SessionNotCreatedException: session not created: This version of ChromeDriver only supports Chrome version 86
Current browser version is 88.0.4324.182 with binary path C:\Program Files\Google\Chrome\Application\chrome.exe
Build info: version: '3.141.59', revision: 'e82be7d358', time: '2018-11-14T08:17:03'
System info: host: 'SAURABHSONI', ip: '192.168.29.137', os.name: 'Windows 10', os.arch: 'amd64', os.version: '10.0', java.version: '14.0.2'
Driver info: driver.version: ChromeDriver
remote stacktrace: Backtrace:
Ordinal0 [0x0093C013+3194899]
Ordinal0 [0x00826021+2056225]
Ordinal0 [0x006BF608+587272]
Ordinal0 [0x00641BF3+72691]
Ordinal0 [0x0063E229+57897]
Ordinal0 [0x0063C64A+50762]
Ordinal0 [0x00661EE9+204521]
Ordinal0 [0x00661D0D+204045]
Ordinal0 [0x0065FC1B+195611]
Ordinal0 [0x00643B7F+80767]
Ordinal0 [0x00644B4E+84814]
Ordinal0 [0x00644AD9+84697]
Ordinal0 [0x0083CE64+2149988]
GetHandleVerifier [0x00AABE95+1400773]
GetHandleVerifier [0x00AABB61+1399953]
GetHandleVerifier [0x00AB31FA+1430314]
GetHandleVerifier [0x00AAC69F+1402831]
Ordinal0 [0x00833D61+2112865]
Ordinal0 [0x0083E5CB+2155979]
Ordinal0 [0x0083E6F5+2156277]
Ordinal0 [0x0084F26E+2224750]
BaseThreadInitThunk [0x760C6359+25]
RtlGetAppContainerNamedObjectPath [0x773A8944+228]
RtlGetAppContainerNamedObjectPath [0x773A8914+180]

at org.openqa.selenium.remote.W3CHandshakeResponse.lambda$errorHandler$0(W3CHandshakeResponse.java:62)
at org.openqa.selenium.remote.HandshakeResponse.lambda$getResponseFunction$0(HandshakeResponse.java:30)
at org.openqa.selenium.remote.ProtocolHandshake.lambda$createSession$0(ProtocolHandshake.java:126)
at java.base/java.util.stream.ReferencePipeline$3$1.accept(ReferencePipeline.java:195)
at java.base/java.util.Spliterators$ArraySpliterator.tryAdvance(Spliterators.java:958)
at java.base/java.util.stream.ReferencePipeline.forEachWithCancel(ReferencePipeline.java:127)
at java.base/java.util.stream.AbstractPipeline.copyIntoWithCancel(AbstractPipeline.java:502)
at java.base/java.util.stream.AbstractPipeline.copyInto(AbstractPipeline.java:488)
at java.base/java.util.stream.AbstractPipeline.wrapAndCopyInto(AbstractPipeline.java:474)
at java.base/java.util.stream.FindOps$FindOp.evaluateSequential(FindOps.java:150)
at java.base/java.util.stream.AbstractPipeline.evaluate(AbstractPipeline.java:234)
at java.base/java.util.stream.ReferencePipeline.findFirst(ReferencePipeline.java:543)
at org.openqa.selenium.remote.ProtocolHandshake.createSession(ProtocolHandshake.java:128)
at org.openqa.selenium.remote.ProtocolHandshake.createSession(ProtocolHandshake.java:74)
at org.openqa.selenium.remote.HttpCommandExecutor.execute(HttpCommandExecutor.java:136)
at org.openqa.selenium.remote.service.DriverCommandExecutor.execute(DriverCommandExecutor.java:83)
at org.openqa.selenium.remote.RemoteWebDriver.execute(RemoteWebDriver.java:552)
at org.openqa.selenium.remote.RemoteWebDriver.startSession(RemoteWebDriver.java:213)
at org.openqa.selenium.remote.RemoteWebDriver.<init>(RemoteWebDriver.java:131)
at org.openqa.selenium.chrome.ChromeDriver.<init>(ChromeDriver.java:181)
at org.openqa.selenium.chrome.ChromeDriver.<init>(ChromeDriver.java:168)
at org.openqa.selenium.chrome.ChromeDriver.<init>(ChromeDriver.java:123)
at tests.BaseTest.intializeDriver(BaseTest.java:43)
at java.base/java.util.ArrayList.forEach(ArrayList.java:1511)
... Removed 36 stack frames]]>
    </failure>
  </testcase> <!-- @BeforeMethod intializeDriver -->
  <testcase classname="tests.BaseTest" name="@BeforeMethod openBrowser" time="-1.613807227076E9">
    <skipped/>
  </testcase> <!-- @BeforeMethod openBrowser -->
  <testcase classname="tests.BaseTest" name="@AfterMethod closeBrowser" time="-1.613807227087E9">
    <skipped/>
  </testcase> <!-- @AfterMethod closeBrowser -->
  <testcase classname="tests.BaseTest" name="@BeforeMethod intializeDriver" time="-1.613807227091E9">
    <skipped/>
  </testcase> <!-- @BeforeMethod intializeDriver -->
  <testcase classname="tests.BaseTest" name="@BeforeMethod openBrowser" time="-1.613807227093E9">
    <skipped/>
  </testcase> <!-- @BeforeMethod openBrowser -->
  <testcase classname="tests.BaseTest" name="@AfterMethod closeBrowser" time="-1.6138072271E9">
    <skipped/>
  </testcase> <!-- @AfterMethod closeBrowser -->
  <testcase classname="tests.RegisterToWebsiteTest" name="registration" time="0.0">
    <skipped/>
  </testcase> <!-- registration -->
  <testcase classname="tests.LoginWebsiteTest" name="validLogin" time="0.0">
    <skipped/>
  </testcase> <!-- validLogin -->
  <testcase classname="tests.LoginWebsiteTest" name="invalidLogin" time="0.0">
    <skipped/>
  </testcase> <!-- invalidLogin -->
  <testcase classname="tests.ItemSelectTest" name="selectItemFalse" time="0.0">
    <skipped/>
  </testcase> <!-- selectItemFalse -->
  <testcase classname="tests.ItemSelectTest" name="selectItemTrue" time="0.0">
    <skipped/>
  </testcase> <!-- selectItemTrue -->
</testsuite> <!-- Test -->
